[debug] [2023-05-12T13:44:36.404Z] ----------------------------------------------------------------------
[debug] [2023-05-12T13:44:36.406Z] Command:       C:\Program Files\nodejs\node.exe C:\Users\User\AppData\Roaming\npm\node_modules\firebase-tools\lib\bin\firebase.js init
[debug] [2023-05-12T13:44:36.407Z] CLI Version:   12.0.0
[debug] [2023-05-12T13:44:36.407Z] Platform:      win32
[debug] [2023-05-12T13:44:36.407Z] Node Version:  v16.18.0
[debug] [2023-05-12T13:44:36.408Z] Time:          Fri May 12 2023 16:44:36 GMT+0300 (Eastern European Summer Time)
[debug] [2023-05-12T13:44:36.409Z] ----------------------------------------------------------------------
[debug] 
[debug] [2023-05-12T13:44:36.539Z] > command requires scopes: ["email","openid","https://www.googleapis.com/auth/cloudplatformprojects.readonly","https://www.googleapis.com/auth/firebase","https://www.googleapis.com/auth/cloud-platform"]
[debug] [2023-05-12T13:44:36.540Z] > authorizing via signed-in user (annelorecomnoiu12@gmail.com)
[info] 
     ######## #### ########  ######## ########     ###     ######  ########
     ##        ##  ##     ## ##       ##     ##  ##   ##  ##       ##
     ######    ##  ########  ######   ########  #########  ######  ######
     ##        ##  ##    ##  ##       ##     ## ##     ##       ## ##
     ##       #### ##     ## ######## ########  ##     ##  ######  ########

You're about to initialize a Firebase project in this directory:

  C:\Users\User\Desktop\solar-system

Before we get started, keep in mind:

  * You are initializing within an existing Firebase project directory

